{"/Users/murshid/Desktop/Sites/bestil/src/actions.js": {"path":"/Users/murshid/Desktop/Sites/bestil/src/actions.js","statementMap":{"0":{"start":{"line":8,"column":30},"end":{"line":11,"column":2}},"1":{"start":{"line":8,"column":41},"end":{"line":11,"column":1}},"2":{"start":{"line":13,"column":28},"end":{"line":19,"column":1}},"3":{"start":{"line":13,"column":45},"end":{"line":19,"column":1}},"4":{"start":{"line":14,"column":4},"end":{"line":14,"column":45}},"5":{"start":{"line":15,"column":4},"end":{"line":18,"column":81}},"6":{"start":{"line":16,"column":24},"end":{"line":16,"column":39}},"7":{"start":{"line":17,"column":22},"end":{"line":17,"column":76}},"8":{"start":{"line":18,"column":25},"end":{"line":18,"column":79}}},"fnMap":{"0":{"name":"(anonymous_0)","decl":{"start":{"line":8,"column":30},"end":{"line":8,"column":31}},"loc":{"start":{"line":8,"column":41},"end":{"line":11,"column":1}},"line":8},"1":{"name":"(anonymous_1)","decl":{"start":{"line":13,"column":28},"end":{"line":13,"column":29}},"loc":{"start":{"line":13,"column":45},"end":{"line":19,"column":1}},"line":13},"2":{"name":"(anonymous_2)","decl":{"start":{"line":13,"column":45},"end":{"line":13,"column":46}},"loc":{"start":{"line":13,"column":59},"end":{"line":19,"column":1}},"line":13},"3":{"name":"(anonymous_3)","decl":{"start":{"line":16,"column":12},"end":{"line":16,"column":13}},"loc":{"start":{"line":16,"column":24},"end":{"line":16,"column":39}},"line":16},"4":{"name":"(anonymous_4)","decl":{"start":{"line":17,"column":14},"end":{"line":17,"column":15}},"loc":{"start":{"line":17,"column":22},"end":{"line":17,"column":76}},"line":17},"5":{"name":"(anonymous_5)","decl":{"start":{"line":18,"column":16},"end":{"line":18,"column":17}},"loc":{"start":{"line":18,"column":25},"end":{"line":18,"column":79}},"line":18}},"branchMap":{},"s":{"0":1,"1":1,"2":1,"3":1,"4":1,"5":1,"6":0,"7":0,"8":0},"f":{"0":1,"1":1,"2":1,"3":0,"4":0,"5":0},"b":{},"_coverageSchema":"43e27e138ebf9cfc5966b082cf9a028302ed4184","hash":"342062298182e756655f7125c5185bfd981fa852"}
,"/Users/murshid/Desktop/Sites/bestil/src/components/Card.js": {"path":"/Users/murshid/Desktop/Sites/bestil/src/components/Card.js","statementMap":{"0":{"start":{"line":4,"column":13},"end":{"line":28,"column":1}},"1":{"start":{"line":5,"column":2},"end":{"line":27,"column":4}}},"fnMap":{"0":{"name":"(anonymous_0)","decl":{"start":{"line":4,"column":13},"end":{"line":4,"column":14}},"loc":{"start":{"line":4,"column":24},"end":{"line":28,"column":1}},"line":4}},"branchMap":{"0":{"loc":{"start":{"line":21,"column":13},"end":{"line":21,"column":82}},"type":"cond-expr","locations":[{"start":{"line":21,"column":59},"end":{"line":21,"column":70}},{"start":{"line":21,"column":73},"end":{"line":21,"column":82}}],"line":21}},"s":{"0":3,"1":2},"f":{"0":2},"b":{"0":[1,1]},"_coverageSchema":"43e27e138ebf9cfc5966b082cf9a028302ed4184","hash":"bedcb0f6ffcb1db25f30094a14dcbc96985cb18c"}
,"/Users/murshid/Desktop/Sites/bestil/src/components/Library.js": {"path":"/Users/murshid/Desktop/Sites/bestil/src/components/Library.js","statementMap":{"0":{"start":{"line":6,"column":16},"end":{"line":46,"column":1}},"1":{"start":{"line":8,"column":4},"end":{"line":44,"column":5}},"2":{"start":{"line":9,"column":8},"end":{"line":9,"column":39}},"3":{"start":{"line":11,"column":8},"end":{"line":43,"column":10}},"4":{"start":{"line":15,"column":39},"end":{"line":15,"column":87}},"5":{"start":{"line":16,"column":41},"end":{"line":16,"column":97}},"6":{"start":{"line":17,"column":34},"end":{"line":17,"column":97}},"7":{"start":{"line":19,"column":20},"end":{"line":40,"column":49}}},"fnMap":{"0":{"name":"(anonymous_0)","decl":{"start":{"line":6,"column":16},"end":{"line":6,"column":17}},"loc":{"start":{"line":6,"column":29},"end":{"line":46,"column":1}},"line":6},"1":{"name":"(anonymous_1)","decl":{"start":{"line":13,"column":28},"end":{"line":13,"column":29}},"loc":{"start":{"line":13,"column":41},"end":{"line":41,"column":17}},"line":13}},"branchMap":{"0":{"loc":{"start":{"line":8,"column":4},"end":{"line":44,"column":5}},"type":"if","locations":[{"start":{"line":8,"column":4},"end":{"line":44,"column":5}},{"start":{"line":8,"column":4},"end":{"line":44,"column":5}}],"line":8},"1":{"loc":{"start":{"line":8,"column":8},"end":{"line":8,"column":49}},"type":"binary-expr","locations":[{"start":{"line":8,"column":8},"end":{"line":8,"column":27}},{"start":{"line":8,"column":31},"end":{"line":8,"column":49}}],"line":8},"2":{"loc":{"start":{"line":17,"column":34},"end":{"line":17,"column":97}},"type":"cond-expr","locations":[{"start":{"line":17,"column":74},"end":{"line":17,"column":85}},{"start":{"line":17,"column":87},"end":{"line":17,"column":97}}],"line":17},"3":{"loc":{"start":{"line":23,"column":32},"end":{"line":24,"column":119}},"type":"cond-expr","locations":[{"start":{"line":23,"column":77},"end":{"line":23,"column":180}},{"start":{"line":24,"column":34},"end":{"line":24,"column":119}}],"line":23},"4":{"loc":{"start":{"line":30,"column":32},"end":{"line":32,"column":50}},"type":"cond-expr","locations":[{"start":{"line":31,"column":32},"end":{"line":31,"column":55}},{"start":{"line":32,"column":34},"end":{"line":32,"column":50}}],"line":30},"5":{"loc":{"start":{"line":35,"column":32},"end":{"line":37,"column":262}},"type":"cond-expr","locations":[{"start":{"line":36,"column":32},"end":{"line":36,"column":55}},{"start":{"line":37,"column":34},"end":{"line":37,"column":262}}],"line":35}},"s":{"0":2,"1":6,"2":2,"3":4,"4":4,"5":4,"6":4,"7":4},"f":{"0":6,"1":4},"b":{"0":[2,4],"1":[6,5],"2":[2,2],"3":[3,1],"4":[3,1],"5":[3,1]},"_coverageSchema":"43e27e138ebf9cfc5966b082cf9a028302ed4184","hash":"5e91803706ab10ddd2223e67ba9c7c4a38346db1"}
,"/Users/murshid/Desktop/Sites/bestil/src/components/MainContent.js": {"path":"/Users/murshid/Desktop/Sites/bestil/src/components/MainContent.js","statementMap":{"0":{"start":{"line":14,"column":6},"end":{"line":14,"column":14}},"1":{"start":{"line":16,"column":6},"end":{"line":16,"column":24}},"2":{"start":{"line":22,"column":15},"end":{"line":43,"column":5}},"3":{"start":{"line":25,"column":6},"end":{"line":25,"column":31}},"4":{"start":{"line":28,"column":6},"end":{"line":34,"column":7}},"5":{"start":{"line":29,"column":8},"end":{"line":29,"column":41}},"6":{"start":{"line":32,"column":8},"end":{"line":32,"column":39}},"7":{"start":{"line":33,"column":8},"end":{"line":33,"column":41}},"8":{"start":{"line":37,"column":6},"end":{"line":41,"column":14}},"9":{"start":{"line":39,"column":8},"end":{"line":39,"column":26}},"10":{"start":{"line":49,"column":6},"end":{"line":49,"column":56}},"11":{"start":{"line":56,"column":6},"end":{"line":56,"column":24}},"12":{"start":{"line":63,"column":6},"end":{"line":65,"column":9}},"13":{"start":{"line":64,"column":8},"end":{"line":64,"column":98}},"14":{"start":{"line":69,"column":24},"end":{"line":69,"column":34}},"15":{"start":{"line":70,"column":8},"end":{"line":94,"column":10}}},"fnMap":{"0":{"name":"(anonymous_0)","decl":{"start":{"line":13,"column":4},"end":{"line":13,"column":5}},"loc":{"start":{"line":13,"column":18},"end":{"line":17,"column":5}},"line":13},"1":{"name":"(anonymous_1)","decl":{"start":{"line":22,"column":15},"end":{"line":22,"column":16}},"loc":{"start":{"line":22,"column":26},"end":{"line":43,"column":5}},"line":22},"2":{"name":"(anonymous_2)","decl":{"start":{"line":37,"column":30},"end":{"line":37,"column":31}},"loc":{"start":{"line":38,"column":6},"end":{"line":41,"column":7}},"line":38},"3":{"name":"(anonymous_3)","decl":{"start":{"line":48,"column":4},"end":{"line":48,"column":5}},"loc":{"start":{"line":48,"column":17},"end":{"line":50,"column":5}},"line":48},"4":{"name":"(anonymous_4)","decl":{"start":{"line":55,"column":4},"end":{"line":55,"column":5}},"loc":{"start":{"line":55,"column":24},"end":{"line":57,"column":5}},"line":55},"5":{"name":"(anonymous_5)","decl":{"start":{"line":62,"column":4},"end":{"line":62,"column":5}},"loc":{"start":{"line":62,"column":23},"end":{"line":66,"column":5}},"line":62},"6":{"name":"(anonymous_6)","decl":{"start":{"line":63,"column":27},"end":{"line":63,"column":28}},"loc":{"start":{"line":63,"column":35},"end":{"line":65,"column":7}},"line":63},"7":{"name":"(anonymous_7)","decl":{"start":{"line":68,"column":4},"end":{"line":68,"column":5}},"loc":{"start":{"line":68,"column":13},"end":{"line":95,"column":7}},"line":68}},"branchMap":{"0":{"loc":{"start":{"line":28,"column":6},"end":{"line":34,"column":7}},"type":"if","locations":[{"start":{"line":28,"column":6},"end":{"line":34,"column":7}},{"start":{"line":28,"column":6},"end":{"line":34,"column":7}}],"line":28}},"s":{"0":5,"1":5,"2":5,"3":0,"4":0,"5":0,"6":0,"7":0,"8":0,"9":0,"10":5,"11":5,"12":2,"13":2,"14":5,"15":5},"f":{"0":5,"1":0,"2":0,"3":5,"4":5,"5":2,"6":2,"7":5},"b":{"0":[0,0]},"_coverageSchema":"43e27e138ebf9cfc5966b082cf9a028302ed4184","hash":"3500830f49eed3b83a1af99cad1c41a231270482"}
,"/Users/murshid/Desktop/Sites/bestil/src/containers/App.js": {"path":"/Users/murshid/Desktop/Sites/bestil/src/containers/App.js","statementMap":{"0":{"start":{"line":8,"column":24},"end":{"line":15,"column":1}},"1":{"start":{"line":9,"column":2},"end":{"line":14,"column":3}},"2":{"start":{"line":17,"column":27},"end":{"line":22,"column":1}},"3":{"start":{"line":18,"column":2},"end":{"line":21,"column":3}},"4":{"start":{"line":19,"column":31},"end":{"line":19,"column":75}},"5":{"start":{"line":20,"column":37},"end":{"line":20,"column":72}},"6":{"start":{"line":27,"column":6},"end":{"line":29,"column":7}}},"fnMap":{"0":{"name":"(anonymous_0)","decl":{"start":{"line":8,"column":24},"end":{"line":8,"column":25}},"loc":{"start":{"line":8,"column":33},"end":{"line":15,"column":1}},"line":8},"1":{"name":"(anonymous_1)","decl":{"start":{"line":17,"column":27},"end":{"line":17,"column":28}},"loc":{"start":{"line":17,"column":41},"end":{"line":22,"column":1}},"line":17},"2":{"name":"(anonymous_2)","decl":{"start":{"line":19,"column":20},"end":{"line":19,"column":21}},"loc":{"start":{"line":19,"column":31},"end":{"line":19,"column":75}},"line":19},"3":{"name":"(anonymous_3)","decl":{"start":{"line":20,"column":20},"end":{"line":20,"column":21}},"loc":{"start":{"line":20,"column":37},"end":{"line":20,"column":72}},"line":20},"4":{"name":"(anonymous_4)","decl":{"start":{"line":26,"column":2},"end":{"line":26,"column":3}},"loc":{"start":{"line":26,"column":11},"end":{"line":30,"column":5}},"line":26}},"branchMap":{},"s":{"0":0,"1":0,"2":0,"3":0,"4":0,"5":0,"6":0},"f":{"0":0,"1":0,"2":0,"3":0,"4":0},"b":{},"hash":"b420df1ee60837ba4b2e70d27257a516467d26a2"}
}
