{"/Users/murshid/Desktop/Sites/bestil/src/actions.js": {"path":"/Users/murshid/Desktop/Sites/bestil/src/actions.js","statementMap":{"0":{"start":{"line":8,"column":30},"end":{"line":11,"column":2}},"1":{"start":{"line":8,"column":41},"end":{"line":11,"column":1}},"2":{"start":{"line":13,"column":28},"end":{"line":19,"column":1}},"3":{"start":{"line":13,"column":45},"end":{"line":19,"column":1}},"4":{"start":{"line":14,"column":4},"end":{"line":14,"column":45}},"5":{"start":{"line":15,"column":4},"end":{"line":18,"column":81}},"6":{"start":{"line":16,"column":24},"end":{"line":16,"column":39}},"7":{"start":{"line":17,"column":23},"end":{"line":17,"column":78}},"8":{"start":{"line":18,"column":25},"end":{"line":18,"column":79}}},"fnMap":{"0":{"name":"(anonymous_0)","decl":{"start":{"line":8,"column":30},"end":{"line":8,"column":31}},"loc":{"start":{"line":8,"column":41},"end":{"line":11,"column":1}},"line":8},"1":{"name":"(anonymous_1)","decl":{"start":{"line":13,"column":28},"end":{"line":13,"column":29}},"loc":{"start":{"line":13,"column":45},"end":{"line":19,"column":1}},"line":13},"2":{"name":"(anonymous_2)","decl":{"start":{"line":13,"column":45},"end":{"line":13,"column":46}},"loc":{"start":{"line":13,"column":59},"end":{"line":19,"column":1}},"line":13},"3":{"name":"(anonymous_3)","decl":{"start":{"line":16,"column":12},"end":{"line":16,"column":13}},"loc":{"start":{"line":16,"column":24},"end":{"line":16,"column":39}},"line":16},"4":{"name":"(anonymous_4)","decl":{"start":{"line":17,"column":14},"end":{"line":17,"column":15}},"loc":{"start":{"line":17,"column":23},"end":{"line":17,"column":78}},"line":17},"5":{"name":"(anonymous_5)","decl":{"start":{"line":18,"column":16},"end":{"line":18,"column":17}},"loc":{"start":{"line":18,"column":25},"end":{"line":18,"column":79}},"line":18}},"branchMap":{},"s":{"0":1,"1":1,"2":1,"3":2,"4":2,"5":2,"6":2,"7":2,"8":0},"f":{"0":1,"1":2,"2":2,"3":2,"4":2,"5":0},"b":{},"_coverageSchema":"43e27e138ebf9cfc5966b082cf9a028302ed4184","hash":"6f5c60c720eeb98a5b412f02e901c6190c2cf40a"}
}
