TN:
SF:/Users/murshid/Desktop/Sites/bestil/src/actions.js
FN:8,(anonymous_0)
FN:13,(anonymous_1)
FN:13,(anonymous_2)
FN:16,(anonymous_3)
FN:17,(anonymous_4)
FN:18,(anonymous_5)
FNF:6
FNH:3
FNDA:1,(anonymous_0)
FNDA:1,(anonymous_1)
FNDA:1,(anonymous_2)
FNDA:0,(anonymous_3)
FNDA:0,(anonymous_4)
FNDA:0,(anonymous_5)
DA:8,1
DA:13,1
DA:14,1
DA:15,1
DA:16,0
DA:17,0
DA:18,0
LF:7
LH:4
BRF:0
BRH:0
end_of_record
TN:
SF:/Users/murshid/Desktop/Sites/bestil/src/components/Card.js
FN:4,(anonymous_0)
FNF:1
FNH:1
FNDA:2,(anonymous_0)
DA:4,3
DA:5,2
LF:2
LH:2
BRDA:21,0,0,1
BRDA:21,0,1,1
BRF:2
BRH:2
end_of_record
TN:
SF:/Users/murshid/Desktop/Sites/bestil/src/components/Library.js
FN:6,(anonymous_0)
FN:13,(anonymous_1)
FNF:2
FNH:2
FNDA:6,(anonymous_0)
FNDA:4,(anonymous_1)
DA:6,2
DA:8,6
DA:9,2
DA:11,4
DA:15,4
DA:16,4
DA:17,4
DA:19,4
LF:8
LH:8
BRDA:8,0,0,2
BRDA:8,0,1,4
BRDA:8,1,0,6
BRDA:8,1,1,5
BRDA:17,2,0,2
BRDA:17,2,1,2
BRDA:23,3,0,3
BRDA:23,3,1,1
BRDA:30,4,0,3
BRDA:30,4,1,1
BRDA:35,5,0,3
BRDA:35,5,1,1
BRF:12
BRH:12
end_of_record
TN:
SF:/Users/murshid/Desktop/Sites/bestil/src/components/MainContent.js
FN:13,(anonymous_0)
FN:22,(anonymous_1)
FN:37,(anonymous_2)
FN:48,(anonymous_3)
FN:55,(anonymous_4)
FN:62,(anonymous_5)
FN:63,(anonymous_6)
FN:68,(anonymous_7)
FNF:8
FNH:6
FNDA:5,(anonymous_0)
FNDA:0,(anonymous_1)
FNDA:0,(anonymous_2)
FNDA:5,(anonymous_3)
FNDA:5,(anonymous_4)
FNDA:2,(anonymous_5)
FNDA:2,(anonymous_6)
FNDA:5,(anonymous_7)
DA:14,5
DA:16,5
DA:22,5
DA:25,0
DA:28,0
DA:29,0
DA:32,0
DA:33,0
DA:37,0
DA:39,0
DA:49,5
DA:56,5
DA:63,2
DA:64,2
DA:69,5
DA:70,5
LF:16
LH:9
BRDA:28,0,0,0
BRDA:28,0,1,0
BRF:2
BRH:0
end_of_record
TN:
SF:/Users/murshid/Desktop/Sites/bestil/src/containers/App.js
FN:8,(anonymous_0)
FN:17,(anonymous_1)
FN:19,(anonymous_2)
FN:20,(anonymous_3)
FN:26,(anonymous_4)
FNF:5
FNH:0
FNDA:0,(anonymous_0)
FNDA:0,(anonymous_1)
FNDA:0,(anonymous_2)
FNDA:0,(anonymous_3)
FNDA:0,(anonymous_4)
DA:8,0
DA:9,0
DA:17,0
DA:18,0
DA:19,0
DA:20,0
DA:27,0
LF:7
LH:0
BRF:0
BRH:0
end_of_record
